Using pre-set license
Built from '2022.3/staging' branch; Version is '2022.3.17f1 (4fc78088f837) revision 5228416'; Using compiler version '192829333'; Build Type 'Release'
OS: 'Windows 10  (10.0.19045) 64bit Core' Language: 'ko' Physical Memory: 16303 MB
BatchMode: 1, IsHumanControllingUs: 0, StartBugReporterOnCrash: 0, Is64bit: 1, IsPro: 1

COMMAND LINE ARGUMENTS:
C:\unity\2022.3.17f1\Editor\Unity.exe
-adb2
-batchMode
-noUpm
-name
AssetImportWorker2
-projectPath
C:/unity_project/sovozoa_3d_IdleGame
-logFile
Logs/AssetImportWorker2.log
-srvPort
57706
Successfully changed project path to: C:/unity_project/sovozoa_3d_IdleGame
C:/unity_project/sovozoa_3d_IdleGame
[UnityMemory] Configuration Parameters - Can be set up in boot.config
    "memorysetup-bucket-allocator-granularity=16"
    "memorysetup-bucket-allocator-bucket-count=8"
    "memorysetup-bucket-allocator-block-size=33554432"
    "memorysetup-bucket-allocator-block-count=8"
    "memorysetup-main-allocator-block-size=16777216"
    "memorysetup-thread-allocator-block-size=16777216"
    "memorysetup-gfx-main-allocator-block-size=16777216"
    "memorysetup-gfx-thread-allocator-block-size=16777216"
    "memorysetup-cache-allocator-block-size=4194304"
    "memorysetup-typetree-allocator-block-size=2097152"
    "memorysetup-profiler-bucket-allocator-granularity=16"
    "memorysetup-profiler-bucket-allocator-bucket-count=8"
    "memorysetup-profiler-bucket-allocator-block-size=33554432"
    "memorysetup-profiler-bucket-allocator-block-count=8"
    "memorysetup-profiler-allocator-block-size=16777216"
    "memorysetup-profiler-editor-allocator-block-size=1048576"
    "memorysetup-temp-allocator-size-main=16777216"
    "memorysetup-job-temp-allocator-block-size=2097152"
    "memorysetup-job-temp-allocator-block-size-background=1048576"
    "memorysetup-job-temp-allocator-reduction-small-platforms=262144"
    "memorysetup-allocator-temp-initial-block-size-main=262144"
    "memorysetup-allocator-temp-initial-block-size-worker=262144"
    "memorysetup-temp-allocator-size-background-worker=32768"
    "memorysetup-temp-allocator-size-job-worker=262144"
    "memorysetup-temp-allocator-size-preload-manager=33554432"
    "memorysetup-temp-allocator-size-nav-mesh-worker=65536"
    "memorysetup-temp-allocator-size-audio-worker=65536"
    "memorysetup-temp-allocator-size-cloud-worker=32768"
    "memorysetup-temp-allocator-size-gi-baking-worker=262144"
    "memorysetup-temp-allocator-size-gfx=262144"
Player connection [4996] Host "[IP] 172.30.1.28 [Port] 0 [Flags] 2 [Guid] 746498353 [EditorId] 746498353 [Version] 1048832 [Id] WindowsEditor(7,DESKTOP-0N70HP9) [Debug] 1 [PackageName] WindowsEditor [ProjectName] Editor" joined multi-casting on [225.0.0.222:54997]...

Player connection [4996] Host "[IP] 172.30.1.28 [Port] 0 [Flags] 2 [Guid] 746498353 [EditorId] 746498353 [Version] 1048832 [Id] WindowsEditor(7,DESKTOP-0N70HP9) [Debug] 1 [PackageName] WindowsEditor [ProjectName] Editor" joined alternative multi-casting on [225.0.0.222:34997]...

[Physics::Module] Initialized MultithreadedJobDispatcher with 5 workers.
Refreshing native plugins compatible for Editor in 14.71 ms, found 3 plugins.
Preloading 0 native plugins for Editor in 0.00 ms.
Initialize engine version: 2022.3.17f1 (4fc78088f837)
[Subsystems] Discovering subsystems at path C:/unity/2022.3.17f1/Editor/Data/Resources/UnitySubsystems
[Subsystems] Discovering subsystems at path C:/unity_project/sovozoa_3d_IdleGame/Assets
GfxDevice: creating device client; threaded=0; jobified=0
Direct3D:
    Version:  Direct3D 11.0 [level 11.1]
    Renderer: NVIDIA GeForce RTX 2060 SUPER (ID=0x1f06)
    Vendor:   NVIDIA
    VRAM:     8006 MB
    Driver:   32.0.15.6094
Initialize mono
Mono path[0] = 'C:/unity/2022.3.17f1/Editor/Data/Managed'
Mono path[1] = 'C:/unity/2022.3.17f1/Editor/Data/MonoBleedingEdge/lib/mono/unityjit-win32'
Mono config path = 'C:/unity/2022.3.17f1/Editor/Data/MonoBleedingEdge/etc'
Using monoOptions --debugger-agent=transport=dt_socket,embedding=1,server=y,suspend=n,address=127.0.0.1:56444
Begin MonoManager ReloadAssembly
Registering precompiled unity dll's ...
Register platform support module: C:/unity/2022.3.17f1/Editor/Data/PlaybackEngines/AndroidPlayer/UnityEditor.Android.Extensions.dll
Register platform support module: C:/unity/2022.3.17f1/Editor/Data/PlaybackEngines/WindowsStandaloneSupport/UnityEditor.WindowsStandalone.Extensions.dll
Registered in 0.011556 seconds.
- Loaded All Assemblies, in  0.584 seconds
Native extension for WindowsStandalone target not found
Native extension for Android target not found
Android Extension - Scanning For ADB Devices 606 ms
Mono: successfully reloaded assembly
- Finished resetting the current domain, in  1.070 seconds
Domain Reload Profiling: 1649ms
	BeginReloadAssembly (208ms)
		ExecutionOrderSort (0ms)
		DisableScriptedObjects (0ms)
		BackupInstance (0ms)
		ReleaseScriptingObjects (0ms)
		CreateAndSetChildDomain (1ms)
	RebuildCommonClasses (50ms)
	RebuildNativeTypeToScriptingClass (11ms)
	initialDomainReloadingComplete (106ms)
	LoadAllAssembliesAndSetupDomain (203ms)
		LoadAssemblies (209ms)
		RebuildTransferFunctionScriptingTraits (0ms)
		AnalyzeDomain (197ms)
			TypeCache.Refresh (196ms)
				TypeCache.ScanAssembly (178ms)
			ScanForSourceGeneratedMonoScriptInfo (0ms)
			ResolveRequiredComponents (0ms)
	FinalizeReload (1071ms)
		ReleaseScriptCaches (0ms)
		RebuildScriptCaches (0ms)
		SetupLoadedEditorAssemblies (1001ms)
			LogAssemblyErrors (0ms)
			InitializePlatformSupportModulesInManaged (760ms)
			SetLoadedEditorAssemblies (4ms)
			RefreshPlugins (0ms)
			BeforeProcessingInitializeOnLoad (3ms)
			ProcessInitializeOnLoadAttributes (168ms)
			ProcessInitializeOnLoadMethodAttributes (66ms)
			AfterProcessingInitializeOnLoad (0ms)
			EditorAssembliesLoaded (0ms)
		ExecutionOrderSort2 (0ms)
		AwakeInstancesAfterBackupRestoration (0ms)
========================================================================
Worker process is ready to serve import requests
Begin MonoManager ReloadAssembly
- Loaded All Assemblies, in  1.054 seconds
Refreshing native plugins compatible for Editor in 4.12 ms, found 3 plugins.
Native extension for WindowsStandalone target not found
Native extension for Android target not found
Mono: successfully reloaded assembly
- Finished resetting the current domain, in  1.078 seconds
Domain Reload Profiling: 2127ms
	BeginReloadAssembly (250ms)
		ExecutionOrderSort (0ms)
		DisableScriptedObjects (8ms)
		BackupInstance (0ms)
		ReleaseScriptingObjects (0ms)
		CreateAndSetChildDomain (40ms)
	RebuildCommonClasses (46ms)
	RebuildNativeTypeToScriptingClass (14ms)
	initialDomainReloadingComplete (124ms)
	LoadAllAssembliesAndSetupDomain (614ms)
		LoadAssemblies (546ms)
		RebuildTransferFunctionScriptingTraits (0ms)
		AnalyzeDomain (222ms)
			TypeCache.Refresh (185ms)
				TypeCache.ScanAssembly (164ms)
			ScanForSourceGeneratedMonoScriptInfo (25ms)
			ResolveRequiredComponents (11ms)
	FinalizeReload (1079ms)
		ReleaseScriptCaches (0ms)
		RebuildScriptCaches (0ms)
		SetupLoadedEditorAssemblies (863ms)
			LogAssemblyErrors (0ms)
			InitializePlatformSupportModulesInManaged (30ms)
			SetLoadedEditorAssemblies (11ms)
			RefreshPlugins (0ms)
			BeforeProcessingInitializeOnLoad (207ms)
			ProcessInitializeOnLoadAttributes (528ms)
			ProcessInitializeOnLoadMethodAttributes (79ms)
			AfterProcessingInitializeOnLoad (7ms)
			EditorAssembliesLoaded (0ms)
		ExecutionOrderSort2 (0ms)
		AwakeInstancesAfterBackupRestoration (7ms)
Launched and connected shader compiler UnityShaderCompiler.exe after 0.13 seconds
Refreshing native plugins compatible for Editor in 3.43 ms, found 3 plugins.
Preloading 0 native plugins for Editor in 0.00 ms.
Unloading 4974 Unused Serialized files (Serialized files now loaded: 0)
Unloading 66 unused Assets / (349.8 KB). Loaded Objects now: 5433.
Memory consumption went from 212.4 MB to 212.0 MB.
Total: 17.512400 ms (FindLiveObjects: 11.191000 ms CreateObjectMapping: 1.385900 ms MarkObjects: 3.148900 ms  DeleteObjects: 1.785300 ms)

AssetImportParameters requested are different than current active one (requested -> active):
  custom:container-demuxer-ogg: 62fdf1f143b41e24485cea50d1cbac27 -> 
  custom:video-decoder-ogg-theora: a1e56fd34408186e4bbccfd4996cb3dc -> 
  custom:framework-win-MediaFoundation: 216162199b28c13a410421893ffa2e32 -> 
  custom:CustomObjectIndexerAttribute: 62b5816608c3102f162a1797e29626cf -> 
  custom:container-demuxer-webm: 4f35f7cbe854078d1ac9338744f61a02 -> 
  custom:container-muxer-webm: aa71ff27fc2769a1b78a27578f13a17b -> 
  custom:video-decoder-webm-vp8: 9c59270c3fd7afecdb556c50c9e8de78 -> 
  custom:SearchIndexIgnoredProperties: e643bd26f0fe6173181afceb89e7c659 -> 
  custom:AudioImporter_EditorPlatform: d09bf68614088b80899f8185d706f6e7 -> 
  custom:video-encoder-webm-vp8: eb34c28f22e8b96e1ab97ce403110664 -> 
  custom:audio-decoder-ogg-vorbis: bf7c407c2cedff20999df2af8eb42d56 -> 
  custom:audio-encoder-webm-vorbis: bf7c407c2cedff20999df2af8eb42d56 -> 
========================================================================
Received Import Request.
  Time since last request: 624815.906605 seconds.
  path: Assets/Settings/URP-Balanced.asset
  artifactKey: Guid(e1260c1148f6143b28bae5ace5e9c5d1) Importer(2089858483,0ecaa5967403d082aa24f35e1b516d23)
Start importing Assets/Settings/URP-Balanced.asset using Guid(e1260c1148f6143b28bae5ace5e9c5d1) Importer(2089858483,0ecaa5967403d082aa24f35e1b516d23) Generated GUIDs only implemented for interfaces!
 -> (artifact id: 'b859d9486d047772921260969d9d39b1') in 0.420137 seconds
Number of updated asset objects reloaded before import = 0
Number of asset objects unloaded after import = 3
========================================================================
Received Import Request.
  Time since last request: 0.000020 seconds.
  path: Assets/TutorialInfo/Layout.wlt
  artifactKey: Guid(eabc9546105bf4accac1fd62a63e88e6) Importer(2089858483,0ecaa5967403d082aa24f35e1b516d23)
Start importing Assets/TutorialInfo/Layout.wlt using Guid(eabc9546105bf4accac1fd62a63e88e6) Importer(2089858483,0ecaa5967403d082aa24f35e1b516d23) Generated GUIDs only implemented for interfaces!
 -> (artifact id: 'cef9b598a0c063537ddad48d48b8836e') in 0.032010 seconds
Number of updated asset objects reloaded before import = 0
Number of asset objects unloaded after import = 1
========================================================================
Received Import Request.
  Time since last request: 0.000025 seconds.
  path: Assets/Externals/prototype-textures/Vector/texture_13.swf
  artifactKey: Guid(c4c238856713c3e4c9e56a45d9721c83) Importer(2089858483,0ecaa5967403d082aa24f35e1b516d23)
Start importing Assets/Externals/prototype-textures/Vector/texture_13.swf using Guid(c4c238856713c3e4c9e56a45d9721c83) Importer(2089858483,0ecaa5967403d082aa24f35e1b516d23) Generated GUIDs only implemented for interfaces!
 -> (artifact id: 'f0a0990ad32f10eca8ab9d57dd83e0bb') in 0.020693 seconds
Number of updated asset objects reloaded before import = 0
Number of asset objects unloaded after import = 1
========================================================================
Received Import Request.
  Time since last request: 0.000779 seconds.
  path: Assets/Environment/Prefabs/Environment_Prefab.prefab
  artifactKey: Guid(09aade0ecefd01e4b8f7661acf64f5c2) Importer(2089858483,3d70f49cd1c2eb9ae422958d1c652c6b)
Start importing Assets/Environment/Prefabs/Environment_Prefab.prefab using Guid(09aade0ecefd01e4b8f7661acf64f5c2) Importer(2089858483,3d70f49cd1c2eb9ae422958d1c652c6b) Generated GUIDs only implemented for interfaces!
 -> (artifact id: 'a4dbada5bccdb5315be9ce48a566bf25') in 0.125469 seconds
Number of updated asset objects reloaded before import = 0
Number of asset objects unloaded after import = 506
========================================================================
Received Import Request.
  Time since last request: 0.000031 seconds.
  path: Assets/Externals/prototype-textures/PNG/Green/texture_13.png
  artifactKey: Guid(82105d33e1173d0459138f8eaf061720) Importer(2089858483,0ecaa5967403d082aa24f35e1b516d23)
Start importing Assets/Externals/prototype-textures/PNG/Green/texture_13.png using Guid(82105d33e1173d0459138f8eaf061720) Importer(2089858483,0ecaa5967403d082aa24f35e1b516d23) Generated GUIDs only implemented for interfaces!
 -> (artifact id: 'd4b0cc510789728274e3e76d450c2c10') in 0.120792 seconds
Number of updated asset objects reloaded before import = 0
Number of asset objects unloaded after import = 1
========================================================================
Received Import Request.
  Time since last request: 0.000175 seconds.
  path: Assets/Environment/Art/Models/Stairs_650_400_300_Mesh.fbx
  artifactKey: Guid(7e0223e1d3e1733499accfa5ebffb67e) Importer(2089858483,0ecaa5967403d082aa24f35e1b516d23)
Start importing Assets/Environment/Art/Models/Stairs_650_400_300_Mesh.fbx using Guid(7e0223e1d3e1733499accfa5ebffb67e) Importer(2089858483,0ecaa5967403d082aa24f35e1b516d23) Generated GUIDs only implemented for interfaces!
 -> (artifact id: 'e4ccab6f08f8288497d55f521a6a29c9') in 0.120684 seconds
Number of updated asset objects reloaded before import = 0
Number of asset objects unloaded after import = 16
========================================================================
Received Import Request.
  Time since last request: 0.000022 seconds.
  path: Assets/Externals/prototype-textures/PNG/Dark/texture_01.png
  artifactKey: Guid(fec477a7c4188a44daf008cd8f8ae130) Importer(2089858483,0ecaa5967403d082aa24f35e1b516d23)
Start importing Assets/Externals/prototype-textures/PNG/Dark/texture_01.png using Guid(fec477a7c4188a44daf008cd8f8ae130) Importer(2089858483,0ecaa5967403d082aa24f35e1b516d23) Generated GUIDs only implemented for interfaces!
 -> (artifact id: 'a75dc04d8c5e031137fa2c96142cf602') in 0.045712 seconds
Number of updated asset objects reloaded before import = 0
Number of asset objects unloaded after import = 1
========================================================================
Received Import Request.
  Time since last request: 0.000016 seconds.
  path: Assets/Environment/RenderPipelineProfiles/StarterAssetsURPGlobalSettings.asset
  artifactKey: Guid(d075d680cccac4178aca7c82f2c05556) Importer(2089858483,0ecaa5967403d082aa24f35e1b516d23)
Start importing Assets/Environment/RenderPipelineProfiles/StarterAssetsURPGlobalSettings.asset using Guid(d075d680cccac4178aca7c82f2c05556) Importer(2089858483,0ecaa5967403d082aa24f35e1b516d23) Generated GUIDs only implemented for interfaces!
 -> (artifact id: '6791eca663d29b61d480f5e593fdc56c') in 0.023684 seconds
Number of updated asset objects reloaded before import = 0
Number of asset objects unloaded after import = 1
========================================================================
Received Import Request.
  Time since last request: 0.000272 seconds.
  path: Assets/Readme.asset
  artifactKey: Guid(8105016687592461f977c054a80ce2f2) Importer(2089858483,3d70f49cd1c2eb9ae422958d1c652c6b)
Start importing Assets/Readme.asset using Guid(8105016687592461f977c054a80ce2f2) Importer(2089858483,3d70f49cd1c2eb9ae422958d1c652c6b) Generated GUIDs only implemented for interfaces!
 -> (artifact id: '906107eb1f283bc9aea52a888c0451a4') in 0.027134 seconds
Number of updated asset objects reloaded before import = 0
Number of asset objects unloaded after import = 1
========================================================================
Received Import Request.
  Time since last request: 0.000016 seconds.
  path: Assets/Model/Player/Materials/Paladin_diffuse.mat
  artifactKey: Guid(166279d62469fd44890d7c40e7d82c1b) Importer(2089858483,0ecaa5967403d082aa24f35e1b516d23)
Start importing Assets/Model/Player/Materials/Paladin_diffuse.mat using Guid(166279d62469fd44890d7c40e7d82c1b) Importer(2089858483,0ecaa5967403d082aa24f35e1b516d23) Generated GUIDs only implemented for interfaces!
 -> (artifact id: '3b9f4bddfe16219163eb311071e5017d') in 0.097005 seconds
Number of updated asset objects reloaded before import = 0
Number of asset objects unloaded after import = 3
========================================================================
Received Import Request.
  Time since last request: 0.000391 seconds.
  path: Assets/Externals/prototype-textures/PNG/Purple/texture_05.png
  artifactKey: Guid(237947b0b874e99488d63a171cff899b) Importer(2089858483,0ecaa5967403d082aa24f35e1b516d23)
Start importing Assets/Externals/prototype-textures/PNG/Purple/texture_05.png using Guid(237947b0b874e99488d63a171cff899b) Importer(2089858483,0ecaa5967403d082aa24f35e1b516d23) Generated GUIDs only implemented for interfaces!
 -> (artifact id: '58e9559989bf57afb8631dbaad0f1701') in 0.037156 seconds
Number of updated asset objects reloaded before import = 0
Number of asset objects unloaded after import = 1
========================================================================
Received Import Request.
  Time since last request: 0.002170 seconds.
  path: Assets/Externals/prototype-textures/PNG/Orange/texture_05.png
  artifactKey: Guid(de9b38c639326e14c9e1b45334c511af) Importer(2089858483,0ecaa5967403d082aa24f35e1b516d23)
Start importing Assets/Externals/prototype-textures/PNG/Orange/texture_05.png using Guid(de9b38c639326e14c9e1b45334c511af) Importer(2089858483,0ecaa5967403d082aa24f35e1b516d23) Generated GUIDs only implemented for interfaces!
 -> (artifact id: 'dde068b26fca199c1f017985d1f9ea49') in 0.050564 seconds
Number of updated asset objects reloaded before import = 0
Number of asset objects unloaded after import = 1
========================================================================
Received Import Request.
  Time since last request: 0.000031 seconds.
  path: Assets/Externals/prototype-textures/Vector/texture_09.svg
  artifactKey: Guid(eca9942bbcb033348900f7c2529e3c26) Importer(2089858483,0ecaa5967403d082aa24f35e1b516d23)
Start importing Assets/Externals/prototype-textures/Vector/texture_09.svg using Guid(eca9942bbcb033348900f7c2529e3c26) Importer(2089858483,0ecaa5967403d082aa24f35e1b516d23) Generated GUIDs only implemented for interfaces!
 -> (artifact id: 'db79b1c2063de09c705cfd58967acc99') in 0.015253 seconds
Number of updated asset objects reloaded before import = 0
Number of asset objects unloaded after import = 1
========================================================================
Received Import Request.
  Time since last request: 0.000037 seconds.
  path: Assets/Externals/prototype-textures/PNG/Green/texture_05.png
  artifactKey: Guid(3fa26731af55e3141b20ba4d5bac301e) Importer(2089858483,0ecaa5967403d082aa24f35e1b516d23)
Start importing Assets/Externals/prototype-textures/PNG/Green/texture_05.png using Guid(3fa26731af55e3141b20ba4d5bac301e) Importer(2089858483,0ecaa5967403d082aa24f35e1b516d23) Generated GUIDs only implemented for interfaces!
 -> (artifact id: '1908ec52537194ea432fc3bbafffbbd2') in 0.040317 seconds
Number of updated asset objects reloaded before import = 0
Number of asset objects unloaded after import = 1
========================================================================
Received Import Request.
  Time since last request: 0.000331 seconds.
  path: Assets/Externals/prototype-textures/Vector/texture_06.swf
  artifactKey: Guid(bef1cb9d41006b845a5b4127642a935d) Importer(2089858483,0ecaa5967403d082aa24f35e1b516d23)
Start importing Assets/Externals/prototype-textures/Vector/texture_06.swf using Guid(bef1cb9d41006b845a5b4127642a935d) Importer(2089858483,0ecaa5967403d082aa24f35e1b516d23) Generated GUIDs only implemented for interfaces!
 -> (artifact id: 'ff71baa36d495f95f1917b4efb0d216d') in 0.012223 seconds
Number of updated asset objects reloaded before import = 0
Number of asset objects unloaded after import = 1
========================================================================
Received Import Request.
  Time since last request: 0.000021 seconds.
  path: Assets/Environment/Prefabs/Tunnel_Prefab.prefab
  artifactKey: Guid(e5d7b87d422ee0f478ee09eb32e24f4e) Importer(2089858483,3d70f49cd1c2eb9ae422958d1c652c6b)
Start importing Assets/Environment/Prefabs/Tunnel_Prefab.prefab using Guid(e5d7b87d422ee0f478ee09eb32e24f4e) Importer(2089858483,3d70f49cd1c2eb9ae422958d1c652c6b) Generated GUIDs only implemented for interfaces!
 -> (artifact id: '29943997b3d5d295b2f417102fad01e5') in 0.025598 seconds
Number of updated asset objects reloaded before import = 0
Number of asset objects unloaded after import = 11
========================================================================
Received Import Request.
  Time since last request: 0.000019 seconds.
  path: Assets/Model/Player/Animations/Paladin WProp J Nordstrom@Sword And Shield Death.fbx
  artifactKey: Guid(869a0b108979eb6418e53aee3a724d61) Importer(2089858483,0ecaa5967403d082aa24f35e1b516d23)
Start importing Assets/Model/Player/Animations/Paladin WProp J Nordstrom@Sword And Shield Death.fbx using Guid(869a0b108979eb6418e53aee3a724d61) Importer(2089858483,0ecaa5967403d082aa24f35e1b516d23) Generated GUIDs only implemented for interfaces!
 -> (artifact id: 'd6e0672b88fd18a55c5928bd2f2a66c8') in 0.054986 seconds
Number of updated asset objects reloaded before import = 0
Number of asset objects unloaded after import = 143
========================================================================
Received Import Request.
  Time since last request: 0.000018 seconds.
  path: Assets/Settings/URP-Balanced-Renderer.asset
  artifactKey: Guid(e634585d5c4544dd297acaee93dc2beb) Importer(2089858483,0ecaa5967403d082aa24f35e1b516d23)
Start importing Assets/Settings/URP-Balanced-Renderer.asset using Guid(e634585d5c4544dd297acaee93dc2beb) Importer(2089858483,0ecaa5967403d082aa24f35e1b516d23) Generated GUIDs only implemented for interfaces!
 -> (artifact id: 'fc98f3bc36374ac72008110553fdb834') in 0.068422 seconds
Number of updated asset objects reloaded before import = 0
Number of asset objects unloaded after import = 2
========================================================================
Received Import Request.
  Time since last request: 0.000353 seconds.
  path: Assets/Environment/Art/Models/Structure_Mesh.fbx
  artifactKey: Guid(d0a9bfb4b5f28174884e89dd76563ae8) Importer(2089858483,0ecaa5967403d082aa24f35e1b516d23)
Start importing Assets/Environment/Art/Models/Structure_Mesh.fbx using Guid(d0a9bfb4b5f28174884e89dd76563ae8) Importer(2089858483,0ecaa5967403d082aa24f35e1b516d23) Generated GUIDs only implemented for interfaces!
 -> (artifact id: '629dfe298d3d43d842d7312e21829bdf') in 0.046450 seconds
Number of updated asset objects reloaded before import = 0
Number of asset objects unloaded after import = 8
========================================================================
Received Import Request.
  Time since last request: 0.000019 seconds.
  path: Assets/Externals/prototype-textures/PNG/Purple/texture_01.png
  artifactKey: Guid(4fb55e6e5090cb040a0adfc9248b3024) Importer(2089858483,0ecaa5967403d082aa24f35e1b516d23)
Start importing Assets/Externals/prototype-textures/PNG/Purple/texture_01.png using Guid(4fb55e6e5090cb040a0adfc9248b3024) Importer(2089858483,0ecaa5967403d082aa24f35e1b516d23) Generated GUIDs only implemented for interfaces!
 -> (artifact id: '9d369fb15049ec79ff2e6cbcfd0685d4') in 0.039005 seconds
Number of updated asset objects reloaded before import = 0
Number of asset objects unloaded after import = 1
========================================================================
Received Import Request.
  Time since last request: 0.000117 seconds.
  path: Assets/Externals/prototype-textures/PNG/Purple/texture_12.png
  artifactKey: Guid(78230043061eae545b0c89cdb14cf2b2) Importer(2089858483,0ecaa5967403d082aa24f35e1b516d23)
Start importing Assets/Externals/prototype-textures/PNG/Purple/texture_12.png using Guid(78230043061eae545b0c89cdb14cf2b2) Importer(2089858483,0ecaa5967403d082aa24f35e1b516d23) Generated GUIDs only implemented for interfaces!
 -> (artifact id: 'cd2297a4616fcc4ea412284414ff1c9c') in 0.054609 seconds
Number of updated asset objects reloaded before import = 0
Number of asset objects unloaded after import = 1
========================================================================
Received Import Request.
  Time since last request: 0.000018 seconds.
  path: Assets/Externals/prototype-textures/PNG/Dark/Materials/texture_01.mat
  artifactKey: Guid(5124b1d17a7070b408f148e90b7f5b47) Importer(2089858483,0ecaa5967403d082aa24f35e1b516d23)
Start importing Assets/Externals/prototype-textures/PNG/Dark/Materials/texture_01.mat using Guid(5124b1d17a7070b408f148e90b7f5b47) Importer(2089858483,0ecaa5967403d082aa24f35e1b516d23) Generated GUIDs only implemented for interfaces!
 -> (artifact id: '745df657c7b6ef372036b62cf563a69a') in 0.017718 seconds
Number of updated asset objects reloaded before import = 0
Number of asset objects unloaded after import = 2
========================================================================
Received Import Request.
  Time since last request: 0.000017 seconds.
  path: Assets/Externals/prototype-textures/PNG/Purple/texture_09.png
  artifactKey: Guid(6e1061356397ee840957f892e79c3a69) Importer(2089858483,0ecaa5967403d082aa24f35e1b516d23)
Start importing Assets/Externals/prototype-textures/PNG/Purple/texture_09.png using Guid(6e1061356397ee840957f892e79c3a69) Importer(2089858483,0ecaa5967403d082aa24f35e1b516d23) Generated GUIDs only implemented for interfaces!
 -> (artifact id: '811172be1a3ad25b589a6694394fbeb7') in 0.046440 seconds
Number of updated asset objects reloaded before import = 0
Number of asset objects unloaded after import = 1
========================================================================
Received Import Request.
  Time since last request: 0.000157 seconds.
  path: Assets/Externals/prototype-textures/PNG/Light/texture_10.png
  artifactKey: Guid(62007e0bad46e7e4883a5854098dfdea) Importer(2089858483,0ecaa5967403d082aa24f35e1b516d23)
Start importing Assets/Externals/prototype-textures/PNG/Light/texture_10.png using Guid(62007e0bad46e7e4883a5854098dfdea) Importer(2089858483,0ecaa5967403d082aa24f35e1b516d23) Generated GUIDs only implemented for interfaces!
 -> (artifact id: '789e60fba52f9c6f2754097337271c33') in 0.051596 seconds
Number of updated asset objects reloaded before import = 0
Number of asset objects unloaded after import = 1
========================================================================
Received Import Request.
  Time since last request: 0.000015 seconds.
  path: Assets/TutorialInfo/Scripts/Readme.cs
  artifactKey: Guid(fcf7219bab7fe46a1ad266029b2fee19) Importer(2089858483,0ecaa5967403d082aa24f35e1b516d23)
Start importing Assets/TutorialInfo/Scripts/Readme.cs using Guid(fcf7219bab7fe46a1ad266029b2fee19) Importer(2089858483,0ecaa5967403d082aa24f35e1b516d23) Generated GUIDs only implemented for interfaces!
 -> (artifact id: '2b0e4b6182707ed31fa60147f4e649b6') in 0.020908 seconds
Number of updated asset objects reloaded before import = 0
Number of asset objects unloaded after import = 1
========================================================================
Received Import Request.
  Time since last request: 0.000024 seconds.
  path: Assets/Model/Player/Animations/Paladin WProp J Nordstrom@Falling Idle.fbx
  artifactKey: Guid(4ee0966ef503ff94f98343977b31fe4b) Importer(2089858483,0ecaa5967403d082aa24f35e1b516d23)
Start importing Assets/Model/Player/Animations/Paladin WProp J Nordstrom@Falling Idle.fbx using Guid(4ee0966ef503ff94f98343977b31fe4b) Importer(2089858483,0ecaa5967403d082aa24f35e1b516d23) Generated GUIDs only implemented for interfaces!
 -> (artifact id: '258afb37e4a052235836d62853cb8c18') in 0.048053 seconds
Number of updated asset objects reloaded before import = 0
Number of asset objects unloaded after import = 143
========================================================================
Received Import Request.
  Time since last request: 0.000019 seconds.
  path: Assets/Externals/prototype-textures/PNG/Green/texture_11.png
  artifactKey: Guid(c68fa42bfcb8c704a917c632afcaa51b) Importer(2089858483,0ecaa5967403d082aa24f35e1b516d23)
Start importing Assets/Externals/prototype-textures/PNG/Green/texture_11.png using Guid(c68fa42bfcb8c704a917c632afcaa51b) Importer(2089858483,0ecaa5967403d082aa24f35e1b516d23) Generated GUIDs only implemented for interfaces!
 -> (artifact id: 'a6af71af5be0e9e45dd62c2ba3db17c8') in 0.044602 seconds
Number of updated asset objects reloaded before import = 0
Number of asset objects unloaded after import = 1
========================================================================
Received Import Request.
  Time since last request: 0.000380 seconds.
  path: Assets/Externals/prototype-textures/Vector/texture_09.swf
  artifactKey: Guid(385f6cb46e66c8b4a861e09421790c5d) Importer(2089858483,0ecaa5967403d082aa24f35e1b516d23)
Start importing Assets/Externals/prototype-textures/Vector/texture_09.swf using Guid(385f6cb46e66c8b4a861e09421790c5d) Importer(2089858483,0ecaa5967403d082aa24f35e1b516d23) Generated GUIDs only implemented for interfaces!
 -> (artifact id: 'd3f4fb936cc83e586e8ed8b27930c011') in 0.019220 seconds
Number of updated asset objects reloaded before import = 0
Number of asset objects unloaded after import = 1
========================================================================
Received Import Request.
  Time since last request: 0.000016 seconds.
  path: Assets/Scenes/SampleScene.unity
  artifactKey: Guid(99c9720ab356a0642a771bea13969a05) Importer(2089858483,3d70f49cd1c2eb9ae422958d1c652c6b)
Start importing Assets/Scenes/SampleScene.unity using Guid(99c9720ab356a0642a771bea13969a05) Importer(2089858483,3d70f49cd1c2eb9ae422958d1c652c6b) Opening scene 'Assets/Scenes/SampleScene.unity additively'
Loaded scene 'Assets/Scenes/SampleScene.unity'
	Deserialize:            9.031 ms
	Integration:            27.291 ms
	Integration of assets:  2.700 ms
	Thread Wait Time:       0.199 ms
	Total Operation Time:   39.221 ms
Generated GUIDs only implemented for interfaces!
 -> (artifact id: '062ff109548b76790cddb67ffa09024e') in 0.133635 seconds
Number of updated asset objects reloaded before import = 0
Number of asset objects unloaded after import = 5
========================================================================
Received Import Request.
  Time since last request: 0.000205 seconds.
  path: Assets/Externals/prototype-textures/Vector/texture_05.svg
  artifactKey: Guid(c5aabdc5ae8a1a74b9c2fbf47ecf9fe0) Importer(2089858483,0ecaa5967403d082aa24f35e1b516d23)
Start importing Assets/Externals/prototype-textures/Vector/texture_05.svg using Guid(c5aabdc5ae8a1a74b9c2fbf47ecf9fe0) Importer(2089858483,0ecaa5967403d082aa24f35e1b516d23) Generated GUIDs only implemented for interfaces!
 -> (artifact id: 'ae1ccfc257c37bd5fc85b12c69c572c0') in 0.012939 seconds
Number of updated asset objects reloaded before import = 0
Number of asset objects unloaded after import = 1
========================================================================
Received Import Request.
  Time since last request: 0.000018 seconds.
  path: Assets/Externals/prototype-textures/PNG/Orange/texture_12.png
  artifactKey: Guid(f8bc3038a8ce67544bda0e29ca759216) Importer(2089858483,0ecaa5967403d082aa24f35e1b516d23)
Start importing Assets/Externals/prototype-textures/PNG/Orange/texture_12.png using Guid(f8bc3038a8ce67544bda0e29ca759216) Importer(2089858483,0ecaa5967403d082aa24f35e1b516d23) Generated GUIDs only implemented for interfaces!
 -> (artifact id: '32974c8f3d40e70085393d6151481357') in 0.045304 seconds
Number of updated asset objects reloaded before import = 0
Number of asset objects unloaded after import = 1
========================================================================
Received Import Request.
  Time since last request: 0.000292 seconds.
  path: Assets/Environment/Art/Textures/Grid_01_Normal.png
  artifactKey: Guid(c5c221ed57a3bf6488f8eba0db28a004) Importer(2089858483,0ecaa5967403d082aa24f35e1b516d23)
Start importing Assets/Environment/Art/Textures/Grid_01_Normal.png using Guid(c5c221ed57a3bf6488f8eba0db28a004) Importer(2089858483,0ecaa5967403d082aa24f35e1b516d23) Generated GUIDs only implemented for interfaces!
 -> (artifact id: 'eafd5d0d5cc46dfe203dd73b96658912') in 0.064419 seconds
Number of updated asset objects reloaded before import = 0
Number of asset objects unloaded after import = 1
========================================================================
Received Import Request.
  Time since last request: 0.000419 seconds.
  path: Assets/Externals/prototype-textures/PNG/Purple/texture_10.png
  artifactKey: Guid(7106a2977eac51448ace696cceb0dcbd) Importer(2089858483,0ecaa5967403d082aa24f35e1b516d23)
Start importing Assets/Externals/prototype-textures/PNG/Purple/texture_10.png using Guid(7106a2977eac51448ace696cceb0dcbd) Importer(2089858483,0ecaa5967403d082aa24f35e1b516d23) Generated GUIDs only implemented for interfaces!
 -> (artifact id: '611f95b1fe9df07b1f1c7963b55c5db5') in 0.056124 seconds
Number of updated asset objects reloaded before import = 0
Number of asset objects unloaded after import = 1
========================================================================
Received Import Request.
  Time since last request: 0.000996 seconds.
  path: Assets/Environment/Prefabs/Box_100x100x100_Prefab.prefab
  artifactKey: Guid(e5f4daf24146ee040b5a2d7a73b30aa0) Importer(2089858483,3d70f49cd1c2eb9ae422958d1c652c6b)
Start importing Assets/Environment/Prefabs/Box_100x100x100_Prefab.prefab using Guid(e5f4daf24146ee040b5a2d7a73b30aa0) Importer(2089858483,3d70f49cd1c2eb9ae422958d1c652c6b) Generated GUIDs only implemented for interfaces!
 -> (artifact id: 'dd2be689396433a698cebe68792861dd') in 0.014882 seconds
Number of updated asset objects reloaded before import = 0
Number of asset objects unloaded after import = 8
========================================================================
Received Import Request.
  Time since last request: 0.000016 seconds.
  path: Assets/Externals/prototype-textures/PNG/Orange/texture_11.png
  artifactKey: Guid(7e7183a20dbafb34aa3e724eb6fb7bf3) Importer(2089858483,0ecaa5967403d082aa24f35e1b516d23)
Start importing Assets/Externals/prototype-textures/PNG/Orange/texture_11.png using Guid(7e7183a20dbafb34aa3e724eb6fb7bf3) Importer(2089858483,0ecaa5967403d082aa24f35e1b516d23) Generated GUIDs only implemented for interfaces!
 -> (artifact id: '28d731ae1dcbecf34661b9af065c0a0a') in 0.050182 seconds
Number of updated asset objects reloaded before import = 0
Number of asset objects unloaded after import = 1
Editor requested this worker to shutdown with reason: balancing worker count downwards
TcpMessagingSession - receive error: operation aborted. errorcode: 995, details: 스레드 종료 또는 응용 프로그램 요청 때문에 I/O 작업이 취소되었습니다.
AssetImportWorker is now disconnected from the server
Process exiting
Exiting without the bug reporter. Application will terminate with return code 0