Using pre-set license
Built from '2022.3/staging' branch; Version is '2022.3.17f1 (4fc78088f837) revision 5228416'; Using compiler version '192829333'; Build Type 'Release'
OS: 'Windows 10  (10.0.19045) 64bit Core' Language: 'ko' Physical Memory: 16303 MB
BatchMode: 1, IsHumanControllingUs: 0, StartBugReporterOnCrash: 0, Is64bit: 1, IsPro: 1

COMMAND LINE ARGUMENTS:
C:\unity\2022.3.17f1\Editor\Unity.exe
-adb2
-batchMode
-noUpm
-name
AssetImportWorker4
-projectPath
C:/unity_project/sovozoa_3d_IdleGame
-logFile
Logs/AssetImportWorker4.log
-srvPort
57706
Successfully changed project path to: C:/unity_project/sovozoa_3d_IdleGame
C:/unity_project/sovozoa_3d_IdleGame
[UnityMemory] Configuration Parameters - Can be set up in boot.config
    "memorysetup-bucket-allocator-granularity=16"
    "memorysetup-bucket-allocator-bucket-count=8"
    "memorysetup-bucket-allocator-block-size=33554432"
    "memorysetup-bucket-allocator-block-count=8"
    "memorysetup-main-allocator-block-size=16777216"
    "memorysetup-thread-allocator-block-size=16777216"
    "memorysetup-gfx-main-allocator-block-size=16777216"
    "memorysetup-gfx-thread-allocator-block-size=16777216"
    "memorysetup-cache-allocator-block-size=4194304"
    "memorysetup-typetree-allocator-block-size=2097152"
    "memorysetup-profiler-bucket-allocator-granularity=16"
    "memorysetup-profiler-bucket-allocator-bucket-count=8"
    "memorysetup-profiler-bucket-allocator-block-size=33554432"
    "memorysetup-profiler-bucket-allocator-block-count=8"
    "memorysetup-profiler-allocator-block-size=16777216"
    "memorysetup-profiler-editor-allocator-block-size=1048576"
    "memorysetup-temp-allocator-size-main=16777216"
    "memorysetup-job-temp-allocator-block-size=2097152"
    "memorysetup-job-temp-allocator-block-size-background=1048576"
    "memorysetup-job-temp-allocator-reduction-small-platforms=262144"
    "memorysetup-allocator-temp-initial-block-size-main=262144"
    "memorysetup-allocator-temp-initial-block-size-worker=262144"
    "memorysetup-temp-allocator-size-background-worker=32768"
    "memorysetup-temp-allocator-size-job-worker=262144"
    "memorysetup-temp-allocator-size-preload-manager=33554432"
    "memorysetup-temp-allocator-size-nav-mesh-worker=65536"
    "memorysetup-temp-allocator-size-audio-worker=65536"
    "memorysetup-temp-allocator-size-cloud-worker=32768"
    "memorysetup-temp-allocator-size-gi-baking-worker=262144"
    "memorysetup-temp-allocator-size-gfx=262144"
Player connection [29676] Host "[IP] 172.30.1.28 [Port] 0 [Flags] 2 [Guid] 1956980009 [EditorId] 1956980009 [Version] 1048832 [Id] WindowsEditor(7,DESKTOP-0N70HP9) [Debug] 1 [PackageName] WindowsEditor [ProjectName] Editor" joined multi-casting on [225.0.0.222:54997]...

Player connection [29676] Host "[IP] 172.30.1.28 [Port] 0 [Flags] 2 [Guid] 1956980009 [EditorId] 1956980009 [Version] 1048832 [Id] WindowsEditor(7,DESKTOP-0N70HP9) [Debug] 1 [PackageName] WindowsEditor [ProjectName] Editor" joined alternative multi-casting on [225.0.0.222:34997]...

[Physics::Module] Initialized MultithreadedJobDispatcher with 5 workers.
Refreshing native plugins compatible for Editor in 12.26 ms, found 3 plugins.
Preloading 0 native plugins for Editor in 0.00 ms.
Initialize engine version: 2022.3.17f1 (4fc78088f837)
[Subsystems] Discovering subsystems at path C:/unity/2022.3.17f1/Editor/Data/Resources/UnitySubsystems
[Subsystems] Discovering subsystems at path C:/unity_project/sovozoa_3d_IdleGame/Assets
GfxDevice: creating device client; threaded=0; jobified=0
Direct3D:
    Version:  Direct3D 11.0 [level 11.1]
    Renderer: NVIDIA GeForce RTX 2060 SUPER (ID=0x1f06)
    Vendor:   NVIDIA
    VRAM:     8006 MB
    Driver:   32.0.15.6094
Initialize mono
Mono path[0] = 'C:/unity/2022.3.17f1/Editor/Data/Managed'
Mono path[1] = 'C:/unity/2022.3.17f1/Editor/Data/MonoBleedingEdge/lib/mono/unityjit-win32'
Mono config path = 'C:/unity/2022.3.17f1/Editor/Data/MonoBleedingEdge/etc'
Using monoOptions --debugger-agent=transport=dt_socket,embedding=1,server=y,suspend=n,address=127.0.0.1:56092
Begin MonoManager ReloadAssembly
Registering precompiled unity dll's ...
Register platform support module: C:/unity/2022.3.17f1/Editor/Data/PlaybackEngines/AndroidPlayer/UnityEditor.Android.Extensions.dll
Register platform support module: C:/unity/2022.3.17f1/Editor/Data/PlaybackEngines/WindowsStandaloneSupport/UnityEditor.WindowsStandalone.Extensions.dll
Registered in 0.008558 seconds.
- Loaded All Assemblies, in  0.470 seconds
Native extension for WindowsStandalone target not found
Native extension for Android target not found
Android Extension - Scanning For ADB Devices 677 ms
Mono: successfully reloaded assembly
- Finished resetting the current domain, in  1.163 seconds
Domain Reload Profiling: 1631ms
	BeginReloadAssembly (165ms)
		ExecutionOrderSort (0ms)
		DisableScriptedObjects (0ms)
		BackupInstance (0ms)
		ReleaseScriptingObjects (0ms)
		CreateAndSetChildDomain (2ms)
	RebuildCommonClasses (35ms)
	RebuildNativeTypeToScriptingClass (11ms)
	initialDomainReloadingComplete (78ms)
	LoadAllAssembliesAndSetupDomain (180ms)
		LoadAssemblies (160ms)
		RebuildTransferFunctionScriptingTraits (0ms)
		AnalyzeDomain (175ms)
			TypeCache.Refresh (174ms)
				TypeCache.ScanAssembly (155ms)
			ScanForSourceGeneratedMonoScriptInfo (0ms)
			ResolveRequiredComponents (0ms)
	FinalizeReload (1163ms)
		ReleaseScriptCaches (0ms)
		RebuildScriptCaches (0ms)
		SetupLoadedEditorAssemblies (1064ms)
			LogAssemblyErrors (0ms)
			InitializePlatformSupportModulesInManaged (800ms)
			SetLoadedEditorAssemblies (5ms)
			RefreshPlugins (0ms)
			BeforeProcessingInitializeOnLoad (3ms)
			ProcessInitializeOnLoadAttributes (170ms)
			ProcessInitializeOnLoadMethodAttributes (86ms)
			AfterProcessingInitializeOnLoad (0ms)
			EditorAssembliesLoaded (0ms)
		ExecutionOrderSort2 (0ms)
		AwakeInstancesAfterBackupRestoration (0ms)
========================================================================
Worker process is ready to serve import requests
Begin MonoManager ReloadAssembly
- Loaded All Assemblies, in  0.972 seconds
Refreshing native plugins compatible for Editor in 5.76 ms, found 3 plugins.
Native extension for WindowsStandalone target not found
Native extension for Android target not found
Mono: successfully reloaded assembly
- Finished resetting the current domain, in  0.954 seconds
Domain Reload Profiling: 1923ms
	BeginReloadAssembly (199ms)
		ExecutionOrderSort (0ms)
		DisableScriptedObjects (6ms)
		BackupInstance (0ms)
		ReleaseScriptingObjects (0ms)
		CreateAndSetChildDomain (26ms)
	RebuildCommonClasses (38ms)
	RebuildNativeTypeToScriptingClass (12ms)
	initialDomainReloadingComplete (43ms)
	LoadAllAssembliesAndSetupDomain (678ms)
		LoadAssemblies (504ms)
		RebuildTransferFunctionScriptingTraits (0ms)
		AnalyzeDomain (275ms)
			TypeCache.Refresh (219ms)
				TypeCache.ScanAssembly (187ms)
			ScanForSourceGeneratedMonoScriptInfo (40ms)
			ResolveRequiredComponents (14ms)
	FinalizeReload (954ms)
		ReleaseScriptCaches (0ms)
		RebuildScriptCaches (0ms)
		SetupLoadedEditorAssemblies (731ms)
			LogAssemblyErrors (0ms)
			InitializePlatformSupportModulesInManaged (37ms)
			SetLoadedEditorAssemblies (6ms)
			RefreshPlugins (0ms)
			BeforeProcessingInitializeOnLoad (152ms)
			ProcessInitializeOnLoadAttributes (450ms)
			ProcessInitializeOnLoadMethodAttributes (78ms)
			AfterProcessingInitializeOnLoad (7ms)
			EditorAssembliesLoaded (0ms)
		ExecutionOrderSort2 (0ms)
		AwakeInstancesAfterBackupRestoration (6ms)
Launched and connected shader compiler UnityShaderCompiler.exe after 0.09 seconds
Refreshing native plugins compatible for Editor in 3.65 ms, found 3 plugins.
Preloading 0 native plugins for Editor in 0.00 ms.
Unloading 4974 Unused Serialized files (Serialized files now loaded: 0)
Unloading 66 unused Assets / (350.7 KB). Loaded Objects now: 5433.
Memory consumption went from 212.2 MB to 211.9 MB.
Total: 8.274800 ms (FindLiveObjects: 0.666200 ms CreateObjectMapping: 0.556400 ms MarkObjects: 6.719300 ms  DeleteObjects: 0.331800 ms)

AssetImportParameters requested are different than current active one (requested -> active):
  custom:container-demuxer-ogg: 62fdf1f143b41e24485cea50d1cbac27 -> 
  custom:video-decoder-ogg-theora: a1e56fd34408186e4bbccfd4996cb3dc -> 
  custom:framework-win-MediaFoundation: 216162199b28c13a410421893ffa2e32 -> 
  custom:CustomObjectIndexerAttribute: 62b5816608c3102f162a1797e29626cf -> 
  custom:container-demuxer-webm: 4f35f7cbe854078d1ac9338744f61a02 -> 
  custom:container-muxer-webm: aa71ff27fc2769a1b78a27578f13a17b -> 
  custom:video-decoder-webm-vp8: 9c59270c3fd7afecdb556c50c9e8de78 -> 
  custom:SearchIndexIgnoredProperties: e643bd26f0fe6173181afceb89e7c659 -> 
  custom:AudioImporter_EditorPlatform: d09bf68614088b80899f8185d706f6e7 -> 
  custom:video-encoder-webm-vp8: eb34c28f22e8b96e1ab97ce403110664 -> 
  custom:audio-decoder-ogg-vorbis: bf7c407c2cedff20999df2af8eb42d56 -> 
  custom:audio-encoder-webm-vorbis: bf7c407c2cedff20999df2af8eb42d56 -> 
========================================================================
Received Import Request.
  Time since last request: 624815.285615 seconds.
  path: Assets/Environment/RenderPipelineProfiles/StarterAssetsHDRPVolumeProfile.asset
  artifactKey: Guid(fe05288aca2f31443877a786e771100f) Importer(2089858483,0ecaa5967403d082aa24f35e1b516d23)
Start importing Assets/Environment/RenderPipelineProfiles/StarterAssetsHDRPVolumeProfile.asset using Guid(fe05288aca2f31443877a786e771100f) Importer(2089858483,0ecaa5967403d082aa24f35e1b516d23) Generated GUIDs only implemented for interfaces!
 -> (artifact id: '779806f219ed405683ec8068df15bdd7') in 0.272111 seconds
Number of updated asset objects reloaded before import = 0
Number of asset objects unloaded after import = 10
========================================================================
Received Import Request.
  Time since last request: 0.000028 seconds.
  path: Assets/Externals/prototype-textures/PNG/Dark/texture_05.png
  artifactKey: Guid(b2ad8895fc7cd2548a32c69983ec680e) Importer(2089858483,0ecaa5967403d082aa24f35e1b516d23)
Start importing Assets/Externals/prototype-textures/PNG/Dark/texture_05.png using Guid(b2ad8895fc7cd2548a32c69983ec680e) Importer(2089858483,0ecaa5967403d082aa24f35e1b516d23) Generated GUIDs only implemented for interfaces!
 -> (artifact id: '4a2dd7698a65bcb0a36ea3a6d3999a5c') in 0.359989 seconds
Number of updated asset objects reloaded before import = 0
Number of asset objects unloaded after import = 1
========================================================================
Received Import Request.
  Time since last request: 0.000020 seconds.
  path: Assets/Environment/Prefabs/Box_350x250x200_Prefab.prefab
  artifactKey: Guid(7b846d8f536f007498c941069487ce81) Importer(2089858483,3d70f49cd1c2eb9ae422958d1c652c6b)
Start importing Assets/Environment/Prefabs/Box_350x250x200_Prefab.prefab using Guid(7b846d8f536f007498c941069487ce81) Importer(2089858483,3d70f49cd1c2eb9ae422958d1c652c6b) Generated GUIDs only implemented for interfaces!
 -> (artifact id: 'e90da8a54ed5068d3d3d18f2d2f6d196') in 0.057124 seconds
Number of updated asset objects reloaded before import = 0
Number of asset objects unloaded after import = 9
========================================================================
Received Import Request.
  Time since last request: 0.000029 seconds.
  path: Assets/Environment/Art/Models/Ramp_Mesh.fbx
  artifactKey: Guid(426a2785f8a940049aac2c246661cf09) Importer(2089858483,0ecaa5967403d082aa24f35e1b516d23)
Start importing Assets/Environment/Art/Models/Ramp_Mesh.fbx using Guid(426a2785f8a940049aac2c246661cf09) Importer(2089858483,0ecaa5967403d082aa24f35e1b516d23) Generated GUIDs only implemented for interfaces!
 -> (artifact id: '8d39ff6b0cbfb0f145842db8a275169b') in 0.099286 seconds
Number of updated asset objects reloaded before import = 0
Number of asset objects unloaded after import = 8
========================================================================
Received Import Request.
  Time since last request: 0.001207 seconds.
  path: Assets/Externals/prototype-textures/Vector/texture_10.svg
  artifactKey: Guid(5f561cfa839334741b9e45fe5367176e) Importer(2089858483,0ecaa5967403d082aa24f35e1b516d23)
Start importing Assets/Externals/prototype-textures/Vector/texture_10.svg using Guid(5f561cfa839334741b9e45fe5367176e) Importer(2089858483,0ecaa5967403d082aa24f35e1b516d23) Generated GUIDs only implemented for interfaces!
 -> (artifact id: 'b2683f7f5ce139c2ff4979390b492b07') in 0.024749 seconds
Number of updated asset objects reloaded before import = 0
Number of asset objects unloaded after import = 1
========================================================================
Received Import Request.
  Time since last request: 0.000430 seconds.
  path: Assets/Environment/Art/Materials/GreyBlue_Mat.mat
  artifactKey: Guid(6b911390c5825014e8377183a7837d3f) Importer(2089858483,0ecaa5967403d082aa24f35e1b516d23)
Start importing Assets/Environment/Art/Materials/GreyBlue_Mat.mat using Guid(6b911390c5825014e8377183a7837d3f) Importer(2089858483,0ecaa5967403d082aa24f35e1b516d23) Generated GUIDs only implemented for interfaces!
 -> (artifact id: 'c4f8fef28543bcbf9a828775d17116aa') in 0.022662 seconds
Number of updated asset objects reloaded before import = 0
Number of asset objects unloaded after import = 1
========================================================================
Received Import Request.
  Time since last request: 0.000533 seconds.
  path: Assets/Environment/Prefabs/Stairs_200x100x200_Prefab.prefab
  artifactKey: Guid(466621a4836aa504c87c15d88722d465) Importer(2089858483,3d70f49cd1c2eb9ae422958d1c652c6b)
Start importing Assets/Environment/Prefabs/Stairs_200x100x200_Prefab.prefab using Guid(466621a4836aa504c87c15d88722d465) Importer(2089858483,3d70f49cd1c2eb9ae422958d1c652c6b) Generated GUIDs only implemented for interfaces!
 -> (artifact id: '51753859f1ab7f2ba60c08face2df978') in 0.026285 seconds
Number of updated asset objects reloaded before import = 0
Number of asset objects unloaded after import = 9
========================================================================
Received Import Request.
  Time since last request: 0.000233 seconds.
  path: Assets/Externals/prototype-textures/PNG/Dark/texture_07.png
  artifactKey: Guid(8e74a8dcf7e422044b95c078466c75bc) Importer(2089858483,0ecaa5967403d082aa24f35e1b516d23)
Start importing Assets/Externals/prototype-textures/PNG/Dark/texture_07.png using Guid(8e74a8dcf7e422044b95c078466c75bc) Importer(2089858483,0ecaa5967403d082aa24f35e1b516d23) Generated GUIDs only implemented for interfaces!
 -> (artifact id: 'e2024bba48c8187838bd7a9967c7939f') in 0.051751 seconds
Number of updated asset objects reloaded before import = 0
Number of asset objects unloaded after import = 1
========================================================================
Received Import Request.
  Time since last request: 0.000614 seconds.
  path: Assets/Environment/Art/Models/Ramp_100x100x200_Mesh.fbx
  artifactKey: Guid(bfff06aaff363a847ad37bf592364e6b) Importer(2089858483,0ecaa5967403d082aa24f35e1b516d23)
Start importing Assets/Environment/Art/Models/Ramp_100x100x200_Mesh.fbx using Guid(bfff06aaff363a847ad37bf592364e6b) Importer(2089858483,0ecaa5967403d082aa24f35e1b516d23) Generated GUIDs only implemented for interfaces!
 -> (artifact id: 'b2d522b747461e4f6549c9a6e45d4323') in 0.058370 seconds
Number of updated asset objects reloaded before import = 0
Number of asset objects unloaded after import = 8
========================================================================
Received Import Request.
  Time since last request: 0.003371 seconds.
  path: Assets/Externals/prototype-textures/Vector/texture_05.swf
  artifactKey: Guid(6413721045d4b0e4599e07d816f8b979) Importer(2089858483,0ecaa5967403d082aa24f35e1b516d23)
Start importing Assets/Externals/prototype-textures/Vector/texture_05.swf using Guid(6413721045d4b0e4599e07d816f8b979) Importer(2089858483,0ecaa5967403d082aa24f35e1b516d23) Generated GUIDs only implemented for interfaces!
 -> (artifact id: 'b958778b9b4e8f97afd27f75b271aac3') in 0.022107 seconds
Number of updated asset objects reloaded before import = 0
Number of asset objects unloaded after import = 1
========================================================================
Received Import Request.
  Time since last request: 0.000021 seconds.
  path: Assets/Externals/prototype-textures/PNG/Green/texture_06.png
  artifactKey: Guid(d103bb022e632da4687a41a797b27594) Importer(2089858483,0ecaa5967403d082aa24f35e1b516d23)
Start importing Assets/Externals/prototype-textures/PNG/Green/texture_06.png using Guid(d103bb022e632da4687a41a797b27594) Importer(2089858483,0ecaa5967403d082aa24f35e1b516d23) Generated GUIDs only implemented for interfaces!
 -> (artifact id: 'f0e97f1b6c95731848dbb559ada40d54') in 0.059349 seconds
Number of updated asset objects reloaded before import = 0
Number of asset objects unloaded after import = 1
========================================================================
Received Import Request.
  Time since last request: 0.000029 seconds.
  path: Assets/Settings/URP-Balanced.asset
  artifactKey: Guid(e1260c1148f6143b28bae5ace5e9c5d1) Importer(2089858483,3d70f49cd1c2eb9ae422958d1c652c6b)
Start importing Assets/Settings/URP-Balanced.asset using Guid(e1260c1148f6143b28bae5ace5e9c5d1) Importer(2089858483,3d70f49cd1c2eb9ae422958d1c652c6b) Generated GUIDs only implemented for interfaces!
 -> (artifact id: '3f3fd489750c85560516b1dc9b4184be') in 0.040470 seconds
Number of updated asset objects reloaded before import = 0
Number of asset objects unloaded after import = 2
========================================================================
Received Import Request.
  Time since last request: 0.000215 seconds.
  path: Assets/Settings/URP-Balanced-Renderer.asset
  artifactKey: Guid(e634585d5c4544dd297acaee93dc2beb) Importer(2089858483,3d70f49cd1c2eb9ae422958d1c652c6b)
Start importing Assets/Settings/URP-Balanced-Renderer.asset using Guid(e634585d5c4544dd297acaee93dc2beb) Importer(2089858483,3d70f49cd1c2eb9ae422958d1c652c6b) Generated GUIDs only implemented for interfaces!
 -> (artifact id: '480732e9c582a0855cc3a26136ab9f65') in 0.029527 seconds
Number of updated asset objects reloaded before import = 0
Number of asset objects unloaded after import = 1
========================================================================
Received Import Request.
  Time since last request: 0.000018 seconds.
  path: Assets/Externals/prototype-textures/Vector/texture_03.svg
  artifactKey: Guid(04c0550541680914bb807a64eeeab95a) Importer(2089858483,0ecaa5967403d082aa24f35e1b516d23)
Start importing Assets/Externals/prototype-textures/Vector/texture_03.svg using Guid(04c0550541680914bb807a64eeeab95a) Importer(2089858483,0ecaa5967403d082aa24f35e1b516d23) Generated GUIDs only implemented for interfaces!
 -> (artifact id: 'fcbccd02113e0104f749e061b1ca0048') in 0.020771 seconds
Number of updated asset objects reloaded before import = 0
Number of asset objects unloaded after import = 1
========================================================================
Received Import Request.
  Time since last request: 0.000018 seconds.
  path: Assets/Environment/Art/Skybox/SkyboxLite.mat
  artifactKey: Guid(f6c51332ac7d92541a38fb263b09d2a8) Importer(2089858483,0ecaa5967403d082aa24f35e1b516d23)
Start importing Assets/Environment/Art/Skybox/SkyboxLite.mat using Guid(f6c51332ac7d92541a38fb263b09d2a8) Importer(2089858483,0ecaa5967403d082aa24f35e1b516d23) Generated GUIDs only implemented for interfaces!
 -> (artifact id: 'a690aabf0919c52f7061cb33f071356c') in 0.027994 seconds
Number of updated asset objects reloaded before import = 0
Number of asset objects unloaded after import = 1
========================================================================
Received Import Request.
  Time since last request: 0.000033 seconds.
  path: Assets/Externals/prototype-textures/Vector/texture_07.svg
  artifactKey: Guid(d1f310c9329bcab49910ab7e4854ab19) Importer(2089858483,0ecaa5967403d082aa24f35e1b516d23)
Start importing Assets/Externals/prototype-textures/Vector/texture_07.svg using Guid(d1f310c9329bcab49910ab7e4854ab19) Importer(2089858483,0ecaa5967403d082aa24f35e1b516d23) Generated GUIDs only implemented for interfaces!
 -> (artifact id: 'e27a2e10a01819a4ceae6375ff121a07') in 0.015690 seconds
Number of updated asset objects reloaded before import = 0
Number of asset objects unloaded after import = 1
========================================================================
Received Import Request.
  Time since last request: 0.000022 seconds.
  path: Assets/Externals/prototype-textures/PNG/Green/texture_04.png
  artifactKey: Guid(4650475b9323ccf41833b94186394ca5) Importer(2089858483,0ecaa5967403d082aa24f35e1b516d23)
Start importing Assets/Externals/prototype-textures/PNG/Green/texture_04.png using Guid(4650475b9323ccf41833b94186394ca5) Importer(2089858483,0ecaa5967403d082aa24f35e1b516d23) Generated GUIDs only implemented for interfaces!
 -> (artifact id: '4bbe09671cdb5ba21bf75c61ca4de67e') in 0.055096 seconds
Number of updated asset objects reloaded before import = 0
Number of asset objects unloaded after import = 1
========================================================================
Received Import Request.
  Time since last request: 0.000253 seconds.
  path: Assets/Externals/prototype-textures/PNG/Dark/texture_11.png
  artifactKey: Guid(a929c3ff4c557594d8bc3a2c63ea2788) Importer(2089858483,0ecaa5967403d082aa24f35e1b516d23)
Start importing Assets/Externals/prototype-textures/PNG/Dark/texture_11.png using Guid(a929c3ff4c557594d8bc3a2c63ea2788) Importer(2089858483,0ecaa5967403d082aa24f35e1b516d23) Generated GUIDs only implemented for interfaces!
 -> (artifact id: 'ac8a82d338529af98ddc3ff5c2351d18') in 0.035744 seconds
Number of updated asset objects reloaded before import = 0
Number of asset objects unloaded after import = 1
========================================================================
Received Import Request.
  Time since last request: 0.000021 seconds.
  path: Assets/Externals/prototype-textures/PNG/Light/texture_04.png
  artifactKey: Guid(ff03e054a4d2287459e7a1146c18e5eb) Importer(2089858483,0ecaa5967403d082aa24f35e1b516d23)
Start importing Assets/Externals/prototype-textures/PNG/Light/texture_04.png using Guid(ff03e054a4d2287459e7a1146c18e5eb) Importer(2089858483,0ecaa5967403d082aa24f35e1b516d23) Generated GUIDs only implemented for interfaces!
 -> (artifact id: '09cf376602024635ccdaa7f8637bfc0d') in 0.053646 seconds
Number of updated asset objects reloaded before import = 0
Number of asset objects unloaded after import = 1
========================================================================
Received Import Request.
  Time since last request: 0.000019 seconds.
  path: Assets/Externals/prototype-textures/PNG/Light/texture_05.png
  artifactKey: Guid(ae7c0506a3ee8344a847ec2c8343c09e) Importer(2089858483,0ecaa5967403d082aa24f35e1b516d23)
Start importing Assets/Externals/prototype-textures/PNG/Light/texture_05.png using Guid(ae7c0506a3ee8344a847ec2c8343c09e) Importer(2089858483,0ecaa5967403d082aa24f35e1b516d23) Generated GUIDs only implemented for interfaces!
 -> (artifact id: '7b7741d32f09c987eb044f5d59589453') in 0.062950 seconds
Number of updated asset objects reloaded before import = 0
Number of asset objects unloaded after import = 1
========================================================================
Received Import Request.
  Time since last request: 0.003704 seconds.
  path: Assets/Externals/prototype-textures/PNG/Orange/texture_04.png
  artifactKey: Guid(e026d3ac5a8ef1a41b9f64aa001179c5) Importer(2089858483,0ecaa5967403d082aa24f35e1b516d23)
Start importing Assets/Externals/prototype-textures/PNG/Orange/texture_04.png using Guid(e026d3ac5a8ef1a41b9f64aa001179c5) Importer(2089858483,0ecaa5967403d082aa24f35e1b516d23) Generated GUIDs only implemented for interfaces!
 -> (artifact id: '702a3bc61334dafb9204e8215ae21188') in 0.052983 seconds
Number of updated asset objects reloaded before import = 0
Number of asset objects unloaded after import = 1
========================================================================
Received Import Request.
  Time since last request: 0.000438 seconds.
  path: Assets/Externals/prototype-textures/PNG/Orange/texture_03.png
  artifactKey: Guid(6a89d64f17a02be448963b67b1b51478) Importer(2089858483,0ecaa5967403d082aa24f35e1b516d23)
Start importing Assets/Externals/prototype-textures/PNG/Orange/texture_03.png using Guid(6a89d64f17a02be448963b67b1b51478) Importer(2089858483,0ecaa5967403d082aa24f35e1b516d23) Generated GUIDs only implemented for interfaces!
 -> (artifact id: '26ffce6142b782b8625fb5bfe69d5220') in 0.059718 seconds
Number of updated asset objects reloaded before import = 0
Number of asset objects unloaded after import = 1
========================================================================
Received Import Request.
  Time since last request: 0.000413 seconds.
  path: Assets/Externals/prototype-textures/PNG/Dark/texture_10.png
  artifactKey: Guid(e960da8813dfdd948be4f0deb71d1fbc) Importer(2089858483,0ecaa5967403d082aa24f35e1b516d23)
Start importing Assets/Externals/prototype-textures/PNG/Dark/texture_10.png using Guid(e960da8813dfdd948be4f0deb71d1fbc) Importer(2089858483,0ecaa5967403d082aa24f35e1b516d23) Generated GUIDs only implemented for interfaces!
 -> (artifact id: '6529d314ea7569ecc36ad3d39c7c78d3') in 0.043489 seconds
Number of updated asset objects reloaded before import = 0
Number of asset objects unloaded after import = 1
========================================================================
Received Import Request.
  Time since last request: 0.000415 seconds.
  path: Assets/Externals/prototype-textures/PNG/Orange/texture_06.png
  artifactKey: Guid(f0b7f7e48fa98394c974de51b93af435) Importer(2089858483,0ecaa5967403d082aa24f35e1b516d23)
Start importing Assets/Externals/prototype-textures/PNG/Orange/texture_06.png using Guid(f0b7f7e48fa98394c974de51b93af435) Importer(2089858483,0ecaa5967403d082aa24f35e1b516d23) Generated GUIDs only implemented for interfaces!
 -> (artifact id: 'ef2f419a33a2821d6d6b5da6020f5aa5') in 0.041197 seconds
Number of updated asset objects reloaded before import = 0
Number of asset objects unloaded after import = 1
========================================================================
Received Import Request.
  Time since last request: 0.000424 seconds.
  path: Assets/Environment/Prefabs/Wall_Prefab.prefab
  artifactKey: Guid(9eb847ab97b24024588682c8601254cf) Importer(2089858483,0ecaa5967403d082aa24f35e1b516d23)
Start importing Assets/Environment/Prefabs/Wall_Prefab.prefab using Guid(9eb847ab97b24024588682c8601254cf) Importer(2089858483,0ecaa5967403d082aa24f35e1b516d23) Generated GUIDs only implemented for interfaces!
 -> (artifact id: '9d64b59b29db6f5066a376b78ac4bb58') in 0.022342 seconds
Number of updated asset objects reloaded before import = 0
Number of asset objects unloaded after import = 9
========================================================================
Received Import Request.
  Time since last request: 0.000017 seconds.
  path: Assets/Model/Player/Paladin WProp J Nordstrom.fbm/Paladin_diffuse.png
  artifactKey: Guid(3d62c09770611c043962367c74187d63) Importer(2089858483,0ecaa5967403d082aa24f35e1b516d23)
Start importing Assets/Model/Player/Paladin WProp J Nordstrom.fbm/Paladin_diffuse.png using Guid(3d62c09770611c043962367c74187d63) Importer(2089858483,0ecaa5967403d082aa24f35e1b516d23) Generated GUIDs only implemented for interfaces!
 -> (artifact id: '6d43feca273b699ceb6dd30fb651a8dd') in 0.047085 seconds
Number of updated asset objects reloaded before import = 0
Number of asset objects unloaded after import = 1
========================================================================
Received Import Request.
  Time since last request: 0.000017 seconds.
  path: Assets/Environment/Prefabs/Ramp_Prefab.prefab
  artifactKey: Guid(8a7437817844dce4894b049de73b75f2) Importer(2089858483,3d70f49cd1c2eb9ae422958d1c652c6b)
Start importing Assets/Environment/Prefabs/Ramp_Prefab.prefab using Guid(8a7437817844dce4894b049de73b75f2) Importer(2089858483,3d70f49cd1c2eb9ae422958d1c652c6b) Generated GUIDs only implemented for interfaces!
 -> (artifact id: '014f5d88f5c1d85593bcf26bcdc75638') in 0.015459 seconds
Number of updated asset objects reloaded before import = 0
Number of asset objects unloaded after import = 9
========================================================================
Received Import Request.
  Time since last request: 0.003738 seconds.
  path: Assets/Environment/RenderPipelineProfiles/StarterAssetsURPRenderer.asset
  artifactKey: Guid(14d1d515dbdfb4206ae3afd891bf975b) Importer(2089858483,0ecaa5967403d082aa24f35e1b516d23)
Start importing Assets/Environment/RenderPipelineProfiles/StarterAssetsURPRenderer.asset using Guid(14d1d515dbdfb4206ae3afd891bf975b) Importer(2089858483,0ecaa5967403d082aa24f35e1b516d23) Generated GUIDs only implemented for interfaces!
 -> (artifact id: 'd92e69ed8fb0ac3f541bf04db6e352c4') in 0.040848 seconds
Number of updated asset objects reloaded before import = 0
Number of asset objects unloaded after import = 1
========================================================================
Received Import Request.
  Time since last request: 0.000016 seconds.
  path: Assets/Externals/prototype-textures/Vector/texture_02.svg
  artifactKey: Guid(94f4beb696fa0c442848949f5dba2baf) Importer(2089858483,0ecaa5967403d082aa24f35e1b516d23)
Start importing Assets/Externals/prototype-textures/Vector/texture_02.svg using Guid(94f4beb696fa0c442848949f5dba2baf) Importer(2089858483,0ecaa5967403d082aa24f35e1b516d23) Generated GUIDs only implemented for interfaces!
 -> (artifact id: 'a8283f2fcc970e9023262f99c2441758') in 0.013956 seconds
Number of updated asset objects reloaded before import = 0
Number of asset objects unloaded after import = 1
========================================================================
Received Import Request.
  Time since last request: 0.000037 seconds.
  path: Assets/Model/Player/Animations/Attacks/Paladin WProp J Nordstrom@Standing Melee Attack 360 Low.fbx
  artifactKey: Guid(c00fb16d1bca52b4b80e9b5675ec70ba) Importer(2089858483,0ecaa5967403d082aa24f35e1b516d23)
Start importing Assets/Model/Player/Animations/Attacks/Paladin WProp J Nordstrom@Standing Melee Attack 360 Low.fbx using Guid(c00fb16d1bca52b4b80e9b5675ec70ba) Importer(2089858483,0ecaa5967403d082aa24f35e1b516d23) Generated GUIDs only implemented for interfaces!
 -> (artifact id: 'b0877db37eadfea9480cf1d8d9e8009e') in 0.060574 seconds
Number of updated asset objects reloaded before import = 0
Number of asset objects unloaded after import = 143
========================================================================
Received Import Request.
  Time since last request: 0.000024 seconds.
  path: Assets/Externals/prototype-textures/PNG/Red/texture_09.png
  artifactKey: Guid(3021d03dd67a68b48b70e852c95a83a3) Importer(2089858483,0ecaa5967403d082aa24f35e1b516d23)
Start importing Assets/Externals/prototype-textures/PNG/Red/texture_09.png using Guid(3021d03dd67a68b48b70e852c95a83a3) Importer(2089858483,0ecaa5967403d082aa24f35e1b516d23) Generated GUIDs only implemented for interfaces!
 -> (artifact id: '9bb419642d709cf82b31cdb32eff1d31') in 0.046519 seconds
Number of updated asset objects reloaded before import = 0
Number of asset objects unloaded after import = 1
========================================================================
Received Import Request.
  Time since last request: 0.001201 seconds.
  path: Assets/Externals/prototype-textures/PNG/Red/texture_08.png
  artifactKey: Guid(7eac88c00dfabad4b8098453b3c3b770) Importer(2089858483,0ecaa5967403d082aa24f35e1b516d23)
Start importing Assets/Externals/prototype-textures/PNG/Red/texture_08.png using Guid(7eac88c00dfabad4b8098453b3c3b770) Importer(2089858483,0ecaa5967403d082aa24f35e1b516d23) Generated GUIDs only implemented for interfaces!
 -> (artifact id: '471c1712df346d3b6a2e802e989cda04') in 0.048986 seconds
Number of updated asset objects reloaded before import = 0
Number of asset objects unloaded after import = 1
========================================================================
Received Import Request.
  Time since last request: 0.000019 seconds.
  path: Assets/Environment/Prefabs/Box_350x250x300_Prefab.prefab
  artifactKey: Guid(687dbafc2b84b2846b9a4a7a7dae2a7e) Importer(2089858483,3d70f49cd1c2eb9ae422958d1c652c6b)
Start importing Assets/Environment/Prefabs/Box_350x250x300_Prefab.prefab using Guid(687dbafc2b84b2846b9a4a7a7dae2a7e) Importer(2089858483,3d70f49cd1c2eb9ae422958d1c652c6b) Generated GUIDs only implemented for interfaces!
 -> (artifact id: '4a9d57ce8ba0ed21f631beec3e61c199') in 0.016387 seconds
Number of updated asset objects reloaded before import = 0
Number of asset objects unloaded after import = 9
========================================================================
Received Import Request.
  Time since last request: 0.000577 seconds.
  path: Assets/Settings/URP-HighFidelity-Renderer.asset
  artifactKey: Guid(c40be3174f62c4acf8c1216858c64956) Importer(2089858483,0ecaa5967403d082aa24f35e1b516d23)
Start importing Assets/Settings/URP-HighFidelity-Renderer.asset using Guid(c40be3174f62c4acf8c1216858c64956) Importer(2089858483,0ecaa5967403d082aa24f35e1b516d23) Generated GUIDs only implemented for interfaces!
 -> (artifact id: '01a266060d1f6dba6f642c05f69fd083') in 0.034812 seconds
Number of updated asset objects reloaded before import = 0
Number of asset objects unloaded after import = 1
========================================================================
Received Import Request.
  Time since last request: 0.000020 seconds.
  path: Assets/Environment/Prefabs/Box_100x100x100_Prefab.prefab
  artifactKey: Guid(e5f4daf24146ee040b5a2d7a73b30aa0) Importer(2089858483,0ecaa5967403d082aa24f35e1b516d23)
Start importing Assets/Environment/Prefabs/Box_100x100x100_Prefab.prefab using Guid(e5f4daf24146ee040b5a2d7a73b30aa0) Importer(2089858483,0ecaa5967403d082aa24f35e1b516d23) Generated GUIDs only implemented for interfaces!
 -> (artifact id: '0c99cdadcaa2c60089f33848a71d6a0a') in 0.019845 seconds
Number of updated asset objects reloaded before import = 0
Number of asset objects unloaded after import = 7
========================================================================
Received Import Request.
  Time since last request: 0.000029 seconds.
  path: Assets/Externals/prototype-textures/Vector/texture_04.swf
  artifactKey: Guid(503c411cccb73a2488de36aacfaf4e61) Importer(2089858483,0ecaa5967403d082aa24f35e1b516d23)
Start importing Assets/Externals/prototype-textures/Vector/texture_04.swf using Guid(503c411cccb73a2488de36aacfaf4e61) Importer(2089858483,0ecaa5967403d082aa24f35e1b516d23) Generated GUIDs only implemented for interfaces!
 -> (artifact id: '0bd9b1a7d576d2936c6f49efe35ff59c') in 0.013413 seconds
Number of updated asset objects reloaded before import = 0
Number of asset objects unloaded after import = 1
========================================================================
Received Import Request.
  Time since last request: 0.000022 seconds.
  path: Assets/Externals/prototype-textures/PNG/Dark/texture_09.png
  artifactKey: Guid(7f0c9a5e97b70c84fb7ce63438f006ac) Importer(2089858483,0ecaa5967403d082aa24f35e1b516d23)
Start importing Assets/Externals/prototype-textures/PNG/Dark/texture_09.png using Guid(7f0c9a5e97b70c84fb7ce63438f006ac) Importer(2089858483,0ecaa5967403d082aa24f35e1b516d23) Generated GUIDs only implemented for interfaces!
 -> (artifact id: '71508f8074c2fab83f3233057c3fbefe') in 0.052286 seconds
Number of updated asset objects reloaded before import = 0
Number of asset objects unloaded after import = 1
========================================================================
Received Import Request.
  Time since last request: 0.000016 seconds.
  path: Assets/Externals/prototype-textures/PNG/Red/texture_06.png
  artifactKey: Guid(298f6dcd20a48d64b8199cfdb3cb6889) Importer(2089858483,0ecaa5967403d082aa24f35e1b516d23)
Start importing Assets/Externals/prototype-textures/PNG/Red/texture_06.png using Guid(298f6dcd20a48d64b8199cfdb3cb6889) Importer(2089858483,0ecaa5967403d082aa24f35e1b516d23) Generated GUIDs only implemented for interfaces!
 -> (artifact id: 'f4953b29865ee35136f30ac70a6273f0') in 0.043250 seconds
Number of updated asset objects reloaded before import = 0
Number of asset objects unloaded after import = 1
========================================================================
Received Import Request.
  Time since last request: 0.000500 seconds.
  path: Assets/Environment/Art/Models/Box_350x250x300_Mesh.fbx
  artifactKey: Guid(d2f0da3998423f44594868ffed55c3e6) Importer(2089858483,0ecaa5967403d082aa24f35e1b516d23)
Start importing Assets/Environment/Art/Models/Box_350x250x300_Mesh.fbx using Guid(d2f0da3998423f44594868ffed55c3e6) Importer(2089858483,0ecaa5967403d082aa24f35e1b516d23) Generated GUIDs only implemented for interfaces!
 -> (artifact id: '81bb44e4860ed9df8e8132bb647cfafa') in 0.052713 seconds
Number of updated asset objects reloaded before import = 0
Number of asset objects unloaded after import = 8
========================================================================
Received Import Request.
  Time since last request: 0.000368 seconds.
  path: Assets/Externals/prototype-textures/PNG/Red/texture_10.png
  artifactKey: Guid(5faaa008513bc04469b6c54b6f71e180) Importer(2089858483,0ecaa5967403d082aa24f35e1b516d23)
Start importing Assets/Externals/prototype-textures/PNG/Red/texture_10.png using Guid(5faaa008513bc04469b6c54b6f71e180) Importer(2089858483,0ecaa5967403d082aa24f35e1b516d23) Generated GUIDs only implemented for interfaces!
 -> (artifact id: '4fee9c64388595c38c8551398d6366a9') in 0.045277 seconds
Number of updated asset objects reloaded before import = 0
Number of asset objects unloaded after import = 1
========================================================================
Received Import Request.
  Time since last request: 0.000495 seconds.
  path: Assets/Environment/RenderPipelineProfiles/StarterAssetsURPAsset.asset
  artifactKey: Guid(f48f873ae78af40b9a7b8220a8c6f95f) Importer(2089858483,0ecaa5967403d082aa24f35e1b516d23)
Start importing Assets/Environment/RenderPipelineProfiles/StarterAssetsURPAsset.asset using Guid(f48f873ae78af40b9a7b8220a8c6f95f) Importer(2089858483,0ecaa5967403d082aa24f35e1b516d23) Generated GUIDs only implemented for interfaces!
 -> (artifact id: '774c1aef35e7341554809a13a7ec1c56') in 0.089091 seconds
Number of updated asset objects reloaded before import = 0
Number of asset objects unloaded after import = 2
========================================================================
Received Import Request.
  Time since last request: 0.000019 seconds.
  path: Assets/Model/Player/Animations/Paladin WProp J Nordstrom@Sword And Shield Impact.fbx
  artifactKey: Guid(0cd49669fec8f7a449c6629185f6b7ac) Importer(2089858483,0ecaa5967403d082aa24f35e1b516d23)
Start importing Assets/Model/Player/Animations/Paladin WProp J Nordstrom@Sword And Shield Impact.fbx using Guid(0cd49669fec8f7a449c6629185f6b7ac) Importer(2089858483,0ecaa5967403d082aa24f35e1b516d23) Generated GUIDs only implemented for interfaces!
 -> (artifact id: '415a5bd79879323507f2f52123ee4fe8') in 0.045234 seconds
Number of updated asset objects reloaded before import = 0
Number of asset objects unloaded after import = 143
========================================================================
Received Import Request.
  Time since last request: 0.000015 seconds.
  path: Assets/UniversalRenderPipelineGlobalSettings.asset
  artifactKey: Guid(18dc0cd2c080841dea60987a38ce93fa) Importer(2089858483,0ecaa5967403d082aa24f35e1b516d23)
Start importing Assets/UniversalRenderPipelineGlobalSettings.asset using Guid(18dc0cd2c080841dea60987a38ce93fa) Importer(2089858483,0ecaa5967403d082aa24f35e1b516d23) Generated GUIDs only implemented for interfaces!
 -> (artifact id: 'b8710e009a8188d0875d7f3e4dcf6cd7') in 0.041686 seconds
Number of updated asset objects reloaded before import = 0
Number of asset objects unloaded after import = 1
========================================================================
Received Import Request.
  Time since last request: 0.000452 seconds.
  path: Assets/Environment/Prefabs/Environment_Prefab.prefab
  artifactKey: Guid(09aade0ecefd01e4b8f7661acf64f5c2) Importer(2089858483,0ecaa5967403d082aa24f35e1b516d23)
Start importing Assets/Environment/Prefabs/Environment_Prefab.prefab using Guid(09aade0ecefd01e4b8f7661acf64f5c2) Importer(2089858483,0ecaa5967403d082aa24f35e1b516d23) Generated GUIDs only implemented for interfaces!
 -> (artifact id: 'd3da827a9a86ba03046d1b9922dd374e') in 0.035442 seconds
Number of updated asset objects reloaded before import = 0
Number of asset objects unloaded after import = 303
========================================================================
Received Import Request.
  Time since last request: 0.000021 seconds.
  path: Assets/Externals/prototype-textures/PNG/Light/texture_08.png
  artifactKey: Guid(1ffb26a1840761c49b18129476a14081) Importer(2089858483,0ecaa5967403d082aa24f35e1b516d23)
Start importing Assets/Externals/prototype-textures/PNG/Light/texture_08.png using Guid(1ffb26a1840761c49b18129476a14081) Importer(2089858483,0ecaa5967403d082aa24f35e1b516d23) Generated GUIDs only implemented for interfaces!
 -> (artifact id: '9c83cc1ca09507fbc75603395b94dd11') in 0.043868 seconds
Number of updated asset objects reloaded before import = 0
Number of asset objects unloaded after import = 1
Editor requested this worker to shutdown with reason: balancing worker count downwards
TcpMessagingSession - receive error: operation aborted. errorcode: 995, details: 스레드 종료 또는 응용 프로그램 요청 때문에 I/O 작업이 취소되었습니다.
AssetImportWorker is now disconnected from the server
Process exiting
Exiting without the bug reporter. Application will terminate with return code 0